
Removing old copy of rawspec .....

git clone from baseline URL https://github.com/UCBerkeleySETI/rawspec, branch master .....

Begin make baseline rawspec .....
#define RAWSPEC_VERSION 2.5.0+30@g99f2b7f
gcc -ggdb -fPIC -I/usr/local/cuda/include   -c -o rawspec.o rawspec.c
gcc -ggdb -fPIC -I/usr/local/cuda/include   -c -o rawspec_file.o rawspec_file.c
gcc -ggdb -fPIC -I/usr/local/cuda/include   -c -o rawspec_socket.o rawspec_socket.c
/usr/local/cuda/bin/nvcc -ccbin g++ -m64 -g -Xcompiler=-fPIC -I/usr/local/cuda/samples/common/inc -dc -gencode arch=compute_35,code=sm_35 -gencode arch=compute_50,code=sm_50 -gencode arch=compute_52,code=sm_52 -gencode arch=compute_60,code=sm_60 -gencode arch=compute_61,code=sm_61 -gencode arch=compute_70,code=sm_70 -gencode arch=compute_75,code=sm_75 -gencode arch=compute_75,code=compute_75 -o rawspec_gpu.o -c rawspec_gpu.cu
nvcc warning : The 'compute_35', 'compute_37', 'compute_50', 'sm_35', 'sm_37' and 'sm_50' architectures are deprecated, and may be removed in a future release (Use -Wno-deprecated-gpu-targets to suppress warning).
gcc -ggdb -fPIC -I/usr/local/cuda/include   -c -o rawspec_fbutils.o rawspec_fbutils.c
gcc -ggdb -fPIC -I/usr/local/cuda/include   -c -o rawspec_rawutils.o rawspec_rawutils.c
/usr/local/cuda/bin/nvcc -ccbin g++ -shared -m64 -g -Xcompiler=-fPIC -I/usr/local/cuda/samples/common/inc -gencode arch=compute_35,code=sm_35 -gencode arch=compute_50,code=sm_50 -gencode arch=compute_52,code=sm_52 -gencode arch=compute_60,code=sm_60 -gencode arch=compute_61,code=sm_61 -gencode arch=compute_70,code=sm_70 -gencode arch=compute_75,code=sm_75 -gencode arch=compute_75,code=compute_75 -o librawspec.so rawspec_gpu.o rawspec_fbutils.o rawspec_rawutils.o -lcufft_static -lculibos
nvcc warning : The 'compute_35', 'compute_37', 'compute_50', 'sm_35', 'sm_37' and 'sm_50' architectures are deprecated, and may be removed in a future release (Use -Wno-deprecated-gpu-targets to suppress warning).
/usr/local/cuda/bin/nvcc -ccbin g++ -m64 -g -Xcompiler=-fPIC -I/usr/local/cuda/samples/common/inc -gencode arch=compute_35,code=sm_35 -gencode arch=compute_50,code=sm_50 -gencode arch=compute_52,code=sm_52 -gencode arch=compute_60,code=sm_60 -gencode arch=compute_61,code=sm_61 -gencode arch=compute_70,code=sm_70 -gencode arch=compute_75,code=sm_75 -gencode arch=compute_75,code=compute_75 -o rawspec rawspec.o rawspec_file.o rawspec_socket.o librawspec.so -L. -lrawspec
nvcc warning : The 'compute_35', 'compute_37', 'compute_50', 'sm_35', 'sm_37' and 'sm_50' architectures are deprecated, and may be removed in a future release (Use -Wno-deprecated-gpu-targets to suppress warning).
gcc -ggdb -fPIC -I/usr/local/cuda/include   -c -o rawspectest.o rawspectest.c
/usr/local/cuda/bin/nvcc -ccbin g++ -m64 -g -Xcompiler=-fPIC -I/usr/local/cuda/samples/common/inc -gencode arch=compute_35,code=sm_35 -gencode arch=compute_50,code=sm_50 -gencode arch=compute_52,code=sm_52 -gencode arch=compute_60,code=sm_60 -gencode arch=compute_61,code=sm_61 -gencode arch=compute_70,code=sm_70 -gencode arch=compute_75,code=sm_75 -gencode arch=compute_75,code=compute_75 -o rawspectest rawspectest.o librawspec.so -L. -lrawspec
nvcc warning : The 'compute_35', 'compute_37', 'compute_50', 'sm_35', 'sm_37' and 'sm_50' architectures are deprecated, and may be removed in a future release (Use -Wno-deprecated-gpu-targets to suppress warning).
gcc -ggdb -fPIC -I/usr/local/cuda/include   -c -o fileiotest.o fileiotest.c
/usr/local/cuda/bin/nvcc -ccbin g++ -m64 -g -Xcompiler=-fPIC -I/usr/local/cuda/samples/common/inc -gencode arch=compute_35,code=sm_35 -gencode arch=compute_50,code=sm_50 -gencode arch=compute_52,code=sm_52 -gencode arch=compute_60,code=sm_60 -gencode arch=compute_61,code=sm_61 -gencode arch=compute_70,code=sm_70 -gencode arch=compute_75,code=sm_75 -gencode arch=compute_75,code=compute_75 -o fileiotest fileiotest.o librawspec.so -L. -lrawspec
nvcc warning : The 'compute_35', 'compute_37', 'compute_50', 'sm_35', 'sm_37' and 'sm_50' architectures are deprecated, and may be removed in a future release (Use -Wno-deprecated-gpu-targets to suppress warning).
End make baseline rawspec.

10:56:33   installer  O/S name = Linux, release = 4.15.0-72-generic, version = #81~16.04.1-Ubuntu SMP Tue Nov 26 16:34:21 UTC 2019
10:56:33   installer  Node name = blpc1, CPU type = x86_64, HOME = /home/texadactyl
10:56:33   installer  This utility script is about to initialise the rawspec test baseline.
10:56:33   installer  Baseline directory will be /mnt_blpd20/scratch/rawspec_testing/baseline/.
10:56:33   installer  The first step is to remove old artifacts if they exist.

installer: Okay to proceed? (yes/[anything_else=no]: 10:58:15   run_cmd  `rm -rf /mnt_blpd20/scratch/rawspec_testing/baseline//*` .....
10:58:15   run_cmd  `ln -s /mnt_blpd5/datax/FRB121102/BLP13/blc13_guppi_57991_49836_DIAG_FRB121102_0010.0000.raw /mnt_blpd20/scratch/rawspec_testing/baseline//blc13_guppi_57991_49836_DIAG_FRB121102_0010.0000.raw` .....
10:58:15   run_cmd  `ln -s /mnt_blpd5/datax/FRB121102/BLP13/blc13_guppi_57991_49836_DIAG_FRB121102_0010.0001.raw /mnt_blpd20/scratch/rawspec_testing/baseline//blc13_guppi_57991_49836_DIAG_FRB121102_0010.0001.raw` .....
10:58:15   run_cmd  `ln -s /mnt_blpd5/datax/FRB121102/BLP13/blc13_guppi_57991_49836_DIAG_FRB121102_0010.0002.raw /mnt_blpd20/scratch/rawspec_testing/baseline//blc13_guppi_57991_49836_DIAG_FRB121102_0010.0002.raw` .....
10:58:15   run_cmd  `ln -s /mnt_blpd5/datax/FRB121102/BLP17/blc17_guppi_57991_49318_DIAG_PSR_J0332+5434_0008.0000.raw /mnt_blpd20/scratch/rawspec_testing/baseline//blc17_guppi_57991_49318_DIAG_PSR_J0332+5434_0008.0000.raw` .....
10:58:15   run_cmd  `ln -s /mnt_blpd5/datax/FRB121102/BLP17/blc17_guppi_57991_49318_DIAG_PSR_J0332+5434_0008.0001.raw /mnt_blpd20/scratch/rawspec_testing/baseline//blc17_guppi_57991_49318_DIAG_PSR_J0332+5434_0008.0001.raw` .....
10:58:15   run_cmd  `ln -s /mnt_blpd5/datax/FRB121102/BLP17/blc17_guppi_57991_49318_DIAG_PSR_J0332+5434_0008.0002.raw /mnt_blpd20/scratch/rawspec_testing/baseline//blc17_guppi_57991_49318_DIAG_PSR_J0332+5434_0008.0002.raw` .....
10:58:15   run_cmd  `ln -s /mnt_blpd20/scratch/rawspec_testing/ata/ATA_guppi_59229_47368_006379_40blocks.0000.raw /mnt_blpd20/scratch/rawspec_testing/baseline//ATA_guppi_59229_47368_006379_40blocks.0000.raw` .....
10:58:15   installer  Linked 7 files.
10:58:15   installer  Current directory is now /mnt_blpd20/scratch/rawspec_testing/baseline/
10:58:15   run_cmd  `rawspec  -f 1048576  -t 51  -g 3  blc13_guppi_57991_49836_DIAG_FRB121102_0010` .....
10:58:31   run_cmd  `rawspec  -f 1048576  -t 51  -g 3  blc17_guppi_57991_49318_DIAG_PSR_J0332+5434_0008` .....
10:58:48   run_cmd  `rawspec  -f 8192 -t 2 -S -i '1.0'  -g 3  ATA_guppi_59229_47368_006379_40blocks` .....
10:59:21   hdr2tbl  Saved ATA_guppi_59229_47368_006379_40blocks-ant000.rawspec.0000.tblhdr
10:59:24   dsel2tbl  Data shape for ATA_guppi_59229_47368_006379_40blocks-ant000.rawspec.0000.fil = (20, 1, 33554432)
10:59:24   dsel2tbl  Saved ATA_guppi_59229_47368_006379_40blocks-ant000.rawspec.0000.tbldsel
10:59:24   installer  Created post-turbo_seti tables for ATA_guppi_59229_47368_006379_40blocks-ant000.rawspec.0000.fil.
10:59:30   hdr2tbl  Saved ATA_guppi_59229_47368_006379_40blocks-ant001.rawspec.0000.tblhdr
10:59:33   dsel2tbl  Data shape for ATA_guppi_59229_47368_006379_40blocks-ant001.rawspec.0000.fil = (20, 1, 33554432)
10:59:33   dsel2tbl  Saved ATA_guppi_59229_47368_006379_40blocks-ant001.rawspec.0000.tbldsel
10:59:33   installer  Created post-turbo_seti tables for ATA_guppi_59229_47368_006379_40blocks-ant001.rawspec.0000.fil.
10:59:38   hdr2tbl  Saved ATA_guppi_59229_47368_006379_40blocks-ics.rawspec.0000.tblhdr
10:59:41   dsel2tbl  Data shape for ATA_guppi_59229_47368_006379_40blocks-ics.rawspec.0000.fil = (20, 1, 33554432)
10:59:41   dsel2tbl  Saved ATA_guppi_59229_47368_006379_40blocks-ics.rawspec.0000.tbldsel
10:59:41   installer  Created post-turbo_seti tables for ATA_guppi_59229_47368_006379_40blocks-ics.rawspec.0000.fil.
10:59:42   hdr2tbl  Saved blc13_guppi_57991_49836_DIAG_FRB121102_0010.rawspec.0000.tblhdr
10:59:43   dsel2tbl  Data shape for blc13_guppi_57991_49836_DIAG_FRB121102_0010.rawspec.0000.fil = (3, 1, 67108864)
10:59:43   dsel2tbl  Saved blc13_guppi_57991_49836_DIAG_FRB121102_0010.rawspec.0000.tbldsel
10:59:43   installer  Created post-turbo_seti tables for blc13_guppi_57991_49836_DIAG_FRB121102_0010.rawspec.0000.fil.
10:59:44   hdr2tbl  Saved blc17_guppi_57991_49318_DIAG_PSR_J0332+5434_0008.rawspec.0000.tblhdr
10:59:45   dsel2tbl  Data shape for blc17_guppi_57991_49318_DIAG_PSR_J0332+5434_0008.rawspec.0000.fil = (3, 1, 67108864)
10:59:45   dsel2tbl  Saved blc17_guppi_57991_49318_DIAG_PSR_J0332+5434_0008.rawspec.0000.tbldsel
10:59:45   installer  Created post-turbo_seti tables for blc17_guppi_57991_49318_DIAG_PSR_J0332+5434_0008.rawspec.0000.fil.
10:59:45   run_cmd  `rawspectest 4` .....
10:59:47   run_cmd  `rawspectest 8` .....
10:59:50   run_cmd  `rawspectest 16` .....
10:59:52   npols2tbl  Saved rawspectest.tblnpols
10:59:52   run_cmd  `rm *.dat *.fil *.h5 *.log` .....
10:59:53   installer  End, elapsed hh:mm:ss = 0:03:19.555812

========
FINISHED
========
